2021-09-02 11:54:21.819  INFO 28522 --- [main] c.h.a.c.CustomScannersServiceApplication : Starting CustomScannersServiceApplication on respati with PID 28522 (/home/res/.vscode/extensions/hcltechnologies.hclappscancodesweep-1.1.4/lib/custom-scanners-service-1.0.11.jar started by res in /home/res/Projects/learning/ui)
2021-09-02 11:54:21.822  INFO 28522 --- [main] c.h.a.c.CustomScannersServiceApplication : No active profile set, falling back to default profiles: default
2021-09-02 11:54:22.736  INFO 28615 --- [main] c.h.a.c.CustomScannersServiceApplication : Starting CustomScannersServiceApplication on respati with PID 28615 (/home/res/.vscode/extensions/hcltechnologies.hclappscancodesweep-1.1.4/lib/custom-scanners-service-1.0.11.jar started by res in /home/res/Projects/learning/ui)
2021-09-02 11:54:22.739  INFO 28615 --- [main] c.h.a.c.CustomScannersServiceApplication : No active profile set, falling back to default profiles: default
2021-09-02 11:54:23.263  INFO 28522 --- [main] o.s.b.w.embedded.tomcat.TomcatWebServer  : Tomcat initialized with port(s): 9221 (http)
2021-09-02 11:54:23.275  INFO 28522 --- [main] o.apache.catalina.core.StandardService   : Starting service [Tomcat]
2021-09-02 11:54:23.276  INFO 28522 --- [main] org.apache.catalina.core.StandardEngine  : Starting Servlet engine: [Apache Tomcat/9.0.29]
2021-09-02 11:54:23.346  INFO 28522 --- [main] o.a.c.c.C.[Tomcat].[localhost].[/]       : Initializing Spring embedded WebApplicationContext
2021-09-02 11:54:23.346 DEBUG 28522 --- [main] o.s.web.context.ContextLoader            : Published root WebApplicationContext as ServletContext attribute with name [org.springframework.web.context.WebApplicationContext.ROOT]
2021-09-02 11:54:23.346  INFO 28522 --- [main] o.s.web.context.ContextLoader            : Root WebApplicationContext: initialization completed in 1478 ms
2021-09-02 11:54:23.491 DEBUG 28522 --- [main] o.s.b.w.s.ServletContextInitializerBeans : Mapping filters: filterRegistrationBean urls=[/*] order=-2147483647, characterEncodingFilter urls=[/*] order=-2147483648, formContentFilter urls=[/*] order=-9900, requestContextFilter urls=[/*] order=-105
2021-09-02 11:54:23.492 DEBUG 28522 --- [main] o.s.b.w.s.ServletContextInitializerBeans : Mapping servlets: dispatcherServlet urls=[/]
2021-09-02 11:54:23.918  INFO 28615 --- [main] o.s.b.w.embedded.tomcat.TomcatWebServer  : Tomcat initialized with port(s): 9221 (http)
2021-09-02 11:54:23.929  INFO 28615 --- [main] o.apache.catalina.core.StandardService   : Starting service [Tomcat]
2021-09-02 11:54:23.929  INFO 28615 --- [main] org.apache.catalina.core.StandardEngine  : Starting Servlet engine: [Apache Tomcat/9.0.29]
2021-09-02 11:54:23.986  INFO 28615 --- [main] o.a.c.c.C.[Tomcat].[localhost].[/]       : Initializing Spring embedded WebApplicationContext
2021-09-02 11:54:23.987 DEBUG 28615 --- [main] o.s.web.context.ContextLoader            : Published root WebApplicationContext as ServletContext attribute with name [org.springframework.web.context.WebApplicationContext.ROOT]
2021-09-02 11:54:23.987  INFO 28615 --- [main] o.s.web.context.ContextLoader            : Root WebApplicationContext: initialization completed in 1198 ms
2021-09-02 11:54:24.124 DEBUG 28615 --- [main] o.s.b.w.s.ServletContextInitializerBeans : Mapping filters: filterRegistrationBean urls=[/*] order=-2147483647, characterEncodingFilter urls=[/*] order=-2147483648, formContentFilter urls=[/*] order=-9900, requestContextFilter urls=[/*] order=-105
2021-09-02 11:54:24.124 DEBUG 28615 --- [main] o.s.b.w.s.ServletContextInitializerBeans : Mapping servlets: dispatcherServlet urls=[/]
2021-09-02 11:54:24.674 DEBUG 28522 --- [main] s.w.s.m.m.a.RequestMappingHandlerMapping : 19 mappings in 'requestMappingHandlerMapping'
2021-09-02 11:54:24.714  INFO 28522 --- [main] o.s.b.a.e.web.EndpointLinksResolver      : Exposing 2 endpoint(s) beneath base path '/actuator'
2021-09-02 11:54:24.776  INFO 28522 --- [main] pertySourcedRequestMappingHandlerMapping : Mapped URL path [/v2/api-docs] onto method [springfox.documentation.swagger2.web.Swagger2Controller#getDocumentation(String, HttpServletRequest)]
2021-09-02 11:54:24.864  INFO 28522 --- [main] o.s.s.concurrent.ThreadPoolTaskExecutor  : Initializing ExecutorService 'applicationTaskExecutor'
2021-09-02 11:54:24.886 DEBUG 28522 --- [main] s.w.s.m.m.a.RequestMappingHandlerAdapter : ControllerAdvice beans: 0 @ModelAttribute, 0 @InitBinder, 1 RequestBodyAdvice, 1 ResponseBodyAdvice
2021-09-02 11:54:24.930  INFO 28522 --- [main] o.s.b.a.w.s.WelcomePageHandlerMapping    : Adding welcome page: ServletContext resource [/index.html]
2021-09-02 11:54:24.949 DEBUG 28522 --- [main] o.s.w.s.handler.SimpleUrlHandlerMapping  : Patterns [/webjars/**, /**] in 'resourceHandlerMapping'
2021-09-02 11:54:24.962 DEBUG 28522 --- [main] .m.m.a.ExceptionHandlerExceptionResolver : ControllerAdvice beans: 1 @ExceptionHandler, 1 ResponseBodyAdvice
2021-09-02 11:54:25.023  INFO 28522 --- [main] d.s.w.p.DocumentationPluginsBootstrapper : Context refreshed
2021-09-02 11:54:25.047  INFO 28522 --- [main] d.s.w.p.DocumentationPluginsBootstrapper : Found 1 custom documentation plugin(s)
2021-09-02 11:54:25.085  INFO 28522 --- [main] s.d.s.w.s.ApiListingReferenceScanner     : Scanning for api listing references
2021-09-02 11:54:25.335  INFO 28522 --- [main] o.s.b.w.embedded.tomcat.TomcatWebServer  : Tomcat started on port(s): 9221 (http) with context path ''
2021-09-02 11:54:25.339  INFO 28522 --- [main] c.h.a.c.CustomScannersServiceApplication : Started CustomScannersServiceApplication in 4.027 seconds (JVM running for 4.598)
2021-09-02 11:54:25.380 DEBUG 28615 --- [main] s.w.s.m.m.a.RequestMappingHandlerMapping : 19 mappings in 'requestMappingHandlerMapping'
2021-09-02 11:54:25.412  INFO 28522 --- [http-nio-9221-exec-1] o.a.c.c.C.[Tomcat].[localhost].[/]       : Initializing Spring DispatcherServlet 'dispatcherServlet'
2021-09-02 11:54:25.413  INFO 28522 --- [http-nio-9221-exec-1] o.s.web.servlet.DispatcherServlet        : Initializing Servlet 'dispatcherServlet'
2021-09-02 11:54:25.414 DEBUG 28522 --- [http-nio-9221-exec-1] o.s.web.servlet.DispatcherServlet        : Detected StandardServletMultipartResolver
2021-09-02 11:54:25.422 DEBUG 28522 --- [http-nio-9221-exec-1] o.s.web.servlet.DispatcherServlet        : enableLoggingRequestDetails='false': request parameters and headers will be masked to prevent unsafe logging of potentially sensitive data
2021-09-02 11:54:25.422  INFO 28522 --- [http-nio-9221-exec-1] o.s.web.servlet.DispatcherServlet        : Completed initialization in 9 ms
2021-09-02 11:54:25.424  INFO 28615 --- [main] o.s.b.a.e.web.EndpointLinksResolver      : Exposing 2 endpoint(s) beneath base path '/actuator'
2021-09-02 11:54:25.431 DEBUG 28522 --- [http-nio-9221-exec-1] o.s.web.servlet.DispatcherServlet        : GET "/v1/scanRules", parameters={}
2021-09-02 11:54:25.438 DEBUG 28522 --- [http-nio-9221-exec-1] s.w.s.m.m.a.RequestMappingHandlerMapping : Mapped to com.hcl.appscan.customscannersservice.controller.CustomScannersController#getScanRules(String[])
2021-09-02 11:54:25.458 DEBUG 28522 --- [http-nio-9221-exec-1] o.s.w.s.m.m.a.HttpEntityMethodProcessor  : Using 'application/json', given [application/json] and supported [application/json]
2021-09-02 11:54:25.464 DEBUG 28522 --- [http-nio-9221-exec-1] o.s.w.s.m.m.a.HttpEntityMethodProcessor  : Writing [{Golang={com.ouncelabs.languagelite.golang.rules.WeakCryptoGolang=CustomScannersServiceScanRule{rule (truncated)...]
2021-09-02 11:54:25.497 DEBUG 28522 --- [http-nio-9221-exec-1] o.s.web.servlet.DispatcherServlet        : Completed 200 OK
2021-09-02 11:54:25.498  INFO 28615 --- [main] pertySourcedRequestMappingHandlerMapping : Mapped URL path [/v2/api-docs] onto method [springfox.documentation.swagger2.web.Swagger2Controller#getDocumentation(String, HttpServletRequest)]
2021-09-02 11:54:25.584  INFO 28615 --- [main] o.s.s.concurrent.ThreadPoolTaskExecutor  : Initializing ExecutorService 'applicationTaskExecutor'
2021-09-02 11:54:25.602 DEBUG 28615 --- [main] s.w.s.m.m.a.RequestMappingHandlerAdapter : ControllerAdvice beans: 0 @ModelAttribute, 0 @InitBinder, 1 RequestBodyAdvice, 1 ResponseBodyAdvice
2021-09-02 11:54:25.636  INFO 28615 --- [main] o.s.b.a.w.s.WelcomePageHandlerMapping    : Adding welcome page: ServletContext resource [/index.html]
2021-09-02 11:54:25.656 DEBUG 28615 --- [main] o.s.w.s.handler.SimpleUrlHandlerMapping  : Patterns [/webjars/**, /**] in 'resourceHandlerMapping'
2021-09-02 11:54:25.665 DEBUG 28615 --- [main] .m.m.a.ExceptionHandlerExceptionResolver : ControllerAdvice beans: 1 @ExceptionHandler, 1 ResponseBodyAdvice
2021-09-02 11:54:25.724  INFO 28615 --- [main] d.s.w.p.DocumentationPluginsBootstrapper : Context refreshed
2021-09-02 11:54:25.749  INFO 28615 --- [main] d.s.w.p.DocumentationPluginsBootstrapper : Found 1 custom documentation plugin(s)
2021-09-02 11:54:25.786  INFO 28615 --- [main] s.d.s.w.s.ApiListingReferenceScanner     : Scanning for api listing references
2021-09-02 11:54:25.969  INFO 28615 --- [main] o.apache.catalina.core.StandardService   : Stopping service [Tomcat]
2021-09-02 11:54:26.013  INFO 28615 --- [main] ConditionEvaluationReportLoggingListener : 

Error starting ApplicationContext. To display the conditions report re-run your application with 'debug' enabled.
2021-09-02 11:54:26.015 ERROR 28615 --- [main] o.s.b.d.LoggingFailureAnalysisReporter   : 

***************************
APPLICATION FAILED TO START
***************************

Description:

Web server failed to start. Port 9221 was already in use.

Action:

Identify and stop the process that's listening on port 9221 or configure this application to listen on another port.

2021-09-02 11:54:26.016  INFO 28615 --- [main] o.s.s.concurrent.ThreadPoolTaskExecutor  : Shutting down ExecutorService 'applicationTaskExecutor'
